TN:
SF:src\sequelizeConfig.js
FN:18,(anonymous_0)
FN:29,(anonymous_1)
FN:32,(anonymous_2)
FNF:3
FNH:1
FNDA:39,(anonymous_0)
FNDA:0,(anonymous_1)
FNDA:0,(anonymous_2)
DA:1,1
DA:2,1
DA:3,1
DA:17,1
DA:18,39
DA:19,1
DA:27,1
DA:30,0
DA:33,0
DA:36,1
LF:10
LH:8
BRF:0
BRH:0
end_of_record
TN:
SF:src\features\History\historyUtils.js
FN:8,(anonymous_0)
FN:12,(anonymous_1)
FNF:2
FNH:2
FNDA:1,(anonymous_0)
FNDA:1,(anonymous_1)
DA:1,1
DA:2,1
DA:3,1
DA:4,1
DA:5,1
DA:9,1
DA:10,1
DA:13,1
DA:14,1
DA:15,1
DA:16,1
DA:17,1
DA:18,1
DA:19,1
DA:21,1
DA:25,1
LF:16
LH:16
BRF:0
BRH:0
end_of_record
TN:
SF:src\features\Movies\moviesModel.js
FNF:0
FNH:0
DA:1,1
DA:2,1
DA:4,1
DA:84,1
LF:4
LH:4
BRF:0
BRH:0
end_of_record
TN:
SF:src\features\Users\usersModel.js
FNF:0
FNH:0
DA:1,1
DA:2,1
DA:4,1
DA:84,1
LF:4
LH:4
BRF:0
BRH:0
end_of_record
TN:
SF:src\shared\baseController.js
FN:4,(anonymous_0)
FN:8,(anonymous_1)
FN:20,(anonymous_2)
FN:30,(anonymous_3)
FN:40,(anonymous_4)
FN:61,(anonymous_5)
FNF:6
FNH:1
FNDA:4,(anonymous_0)
FNDA:0,(anonymous_1)
FNDA:0,(anonymous_2)
FNDA:0,(anonymous_3)
FNDA:0,(anonymous_4)
FNDA:0,(anonymous_5)
DA:1,1
DA:5,4
DA:9,0
DA:10,0
DA:17,0
DA:21,0
DA:22,0
DA:26,0
DA:31,0
DA:32,0
DA:33,0
DA:35,0
DA:41,0
DA:42,0
DA:55,0
DA:57,0
DA:62,0
DA:63,0
DA:70,0
DA:72,0
DA:77,1
LF:21
LH:3
BRDA:8,0,0,0
BRDA:20,1,0,0
BRDA:40,2,0,0
BRDA:44,3,0,0
BRDA:44,3,1,0
BRF:5
BRH:0
end_of_record
